#-----------------------------------------------------------
# Vivado v2018.2 (64-bit)
# SW Build 2258646 on Thu Jun 14 20:03:12 MDT 2018
# IP Build 2256618 on Thu Jun 14 22:10:49 MDT 2018
# Start of session at: Tue Apr  9 13:56:38 2024
# Process ID: 20552
# Current directory: C:/ECE281/ece281-lab4
# Command line: vivado.exe -gui_launcher_event rodinguilauncherevent13212 C:\ECE281\ece281-lab4\elevator_fsm.xpr
# Log file: C:/ECE281/ece281-lab4/vivado.log
# Journal file: C:/ECE281/ece281-lab4\vivado.jou
#-----------------------------------------------------------
start_gui
open_project C:/ECE281/ece281-lab4/elevator_fsm.xpr
Scanning sources...
Finished scanning sources
WARNING: [Project 1-509] GeneratedRun file for 'synth_1' not found
WARNING: [filemgmt 56-3] IPUserFilesDir: Could not find the directory 'C:/ECE281/ece281-lab4/elevator_fsm.ip_user_files'.
INFO: [IP_Flow 19-234] Refreshing IP repositories
INFO: [IP_Flow 19-1704] No user IP repositories specified
INFO: [IP_Flow 19-2313] Loaded Vivado IP repository 'C:/Xilinx/Vivado/2018.2/data/ip'.
open_project: Time (s): cpu = 00:00:17 ; elapsed = 00:00:18 . Memory (MB): peak = 722.676 ; gain = 56.422
update_compile_order -fileset sources_1
add_files -norecurse {C:/ECE281/ece281-lab4/src/hdl/sevenSegDecoder.vhd C:/ECE281/ece281-lab4/src/hdl/elevator_controller_fsm.vhd}
update_compile_order -fileset sources_1
file mkdir C:/ECE281/ece281-lab4/elevator_fsm.srcs/sources_1/new
close [ open C:/ECE281/ece281-lab4/elevator_fsm.srcs/sources_1/new/top_basys3.vhd w ]
add_files C:/ECE281/ece281-lab4/elevator_fsm.srcs/sources_1/new/top_basys3.vhd
update_compile_order -fileset sources_1
set_property used_in_simulation false [get_files  C:/ECE281/ece281-lab4/src/hdl/top_basys3.vhd]
export_ip_user_files -of_objects  [get_files C:/ECE281/ece281-lab4/elevator_fsm.srcs/sources_1/new/top_basys3.vhd] -no_script -reset -force -quiet
remove_files  C:/ECE281/ece281-lab4/elevator_fsm.srcs/sources_1/new/top_basys3.vhd
update_compile_order -fileset sources_1
exit
INFO: [Common 17-206] Exiting Vivado at Tue Apr  9 14:48:06 2024...
